[INFO] [2016-03-04 13:43:33][org.springframework.context.support.ClassPathXmlApplicationContext]Refreshing org.springframework.context.support.ClassPathXmlApplicationContext@6aceb1a5: startup date [Fri Mar 04 13:43:33 CST 2016]; root of context hierarchy
  [INFO] [2016-03-04 13:43:33][org.springframework.beans.factory.xml.XmlBeanDefinitionReader]Loading XML bean definitions from class path resource [conf/spring.xml]
  [INFO] [2016-03-04 13:45:40][org.springframework.context.support.ClassPathXmlApplicationContext]Refreshing org.springframework.context.support.ClassPathXmlApplicationContext@6aceb1a5: startup date [Fri Mar 04 13:45:40 CST 2016]; root of context hierarchy
  [INFO] [2016-03-04 13:45:40][org.springframework.beans.factory.xml.XmlBeanDefinitionReader]Loading XML bean definitions from class path resource [conf/spring-mybatis.xml]
  [INFO] [2016-03-04 13:45:58][org.springframework.context.support.ClassPathXmlApplicationContext]Refreshing org.springframework.context.support.ClassPathXmlApplicationContext@6aceb1a5: startup date [Fri Mar 04 13:45:58 CST 2016]; root of context hierarchy
  [INFO] [2016-03-04 13:45:58][org.springframework.beans.factory.xml.XmlBeanDefinitionReader]Loading XML bean definitions from class path resource [spring-mybatis.xml]
  [WARN] [2016-03-04 13:45:58][org.springframework.context.support.ClassPathXmlApplicationContext]Exception encountered during context initialization - cancelling refresh attempt: org.springframework.beans.factory.BeanCreationException: Error creating bean with name 'org.mybatis.spring.mapper.MapperScannerConfigurer#0' defined in class path resource [spring-mybatis.xml]: Cannot resolve reference to bean 'sqlSession' while setting bean property 'sqlSessionTemplate'; nested exception is org.springframework.beans.factory.NoSuchBeanDefinitionException: No bean named 'sqlSession' is defined
  [INFO] [2016-03-04 13:49:11][org.springframework.context.support.ClassPathXmlApplicationContext]Refreshing org.springframework.context.support.ClassPathXmlApplicationContext@6aceb1a5: startup date [Fri Mar 04 13:49:11 CST 2016]; root of context hierarchy
  [INFO] [2016-03-04 13:49:11][org.springframework.beans.factory.xml.XmlBeanDefinitionReader]Loading XML bean definitions from class path resource [spring-mybatis.xml]
  [WARN] [2016-03-04 13:49:11][org.springframework.context.support.ClassPathXmlApplicationContext]Exception encountered during context initialization - cancelling refresh attempt: org.springframework.beans.factory.BeanCreationException: Error creating bean with name 'org.mybatis.spring.mapper.MapperScannerConfigurer#0' defined in class path resource [spring-mybatis.xml]: Cannot resolve reference to bean 'sqlSession' while setting bean property 'sqlSessionTemplate'; nested exception is org.springframework.beans.factory.NoSuchBeanDefinitionException: No bean named 'sqlSession' is defined
  [INFO] [2016-03-04 13:51:29][org.springframework.context.support.ClassPathXmlApplicationContext]Refreshing org.springframework.context.support.ClassPathXmlApplicationContext@769c9116: startup date [Fri Mar 04 13:51:29 CST 2016]; root of context hierarchy
  [INFO] [2016-03-04 13:51:29][org.springframework.beans.factory.xml.XmlBeanDefinitionReader]Loading XML bean definitions from class path resource [spring-mybatis.xml]
  [WARN] [2016-03-04 13:51:30][org.springframework.context.support.ClassPathXmlApplicationContext]Exception encountered during context initialization - cancelling refresh attempt: org.springframework.beans.factory.BeanCreationException: Error creating bean with name 'org.mybatis.spring.mapper.MapperScannerConfigurer#0' defined in class path resource [spring-mybatis.xml]: Cannot resolve reference to bean 'sqlSession' while setting bean property 'sqlSessionTemplate'; nested exception is org.springframework.beans.factory.NoSuchBeanDefinitionException: No bean named 'sqlSession' is defined
  [INFO] [2016-03-04 13:59:37][org.springframework.context.support.ClassPathXmlApplicationContext]Refreshing org.springframework.context.support.ClassPathXmlApplicationContext@769c9116: startup date [Fri Mar 04 13:59:37 CST 2016]; root of context hierarchy
  [INFO] [2016-03-04 13:59:37][org.springframework.beans.factory.xml.XmlBeanDefinitionReader]Loading XML bean definitions from class path resource [spring-mybatis.xml]
  [WARN] [2016-03-04 13:59:37][org.springframework.context.support.ClassPathXmlApplicationContext]Exception encountered during context initialization - cancelling refresh attempt: org.springframework.beans.factory.BeanCreationException: Error creating bean with name 'org.mybatis.spring.mapper.MapperScannerConfigurer#0' defined in class path resource [spring-mybatis.xml]: Cannot resolve reference to bean 'sqlSession' while setting bean property 'sqlSessionTemplate'; nested exception is org.springframework.beans.factory.NoSuchBeanDefinitionException: No bean named 'sqlSession' is defined
  [INFO] [2016-03-04 14:00:48][org.springframework.context.support.ClassPathXmlApplicationContext]Refreshing org.springframework.context.support.ClassPathXmlApplicationContext@769c9116: startup date [Fri Mar 04 14:00:48 CST 2016]; root of context hierarchy
  [INFO] [2016-03-04 14:00:48][org.springframework.beans.factory.xml.XmlBeanDefinitionReader]Loading XML bean definitions from class path resource [spring-mybatis.xml]
  [WARN] [2016-03-04 14:00:48][org.springframework.context.support.ClassPathXmlApplicationContext]Exception encountered during context initialization - cancelling refresh attempt: org.springframework.beans.factory.BeanCreationException: Error creating bean with name 'org.mybatis.spring.mapper.MapperScannerConfigurer#0' defined in class path resource [spring-mybatis.xml]: Cannot resolve reference to bean 'sqlSession' while setting bean property 'sqlSessionTemplate'; nested exception is org.springframework.beans.factory.NoSuchBeanDefinitionException: No bean named 'sqlSession' is defined
  [INFO] [2016-03-04 14:00:55][org.springframework.context.support.ClassPathXmlApplicationContext]Refreshing org.springframework.context.support.ClassPathXmlApplicationContext@769c9116: startup date [Fri Mar 04 14:00:55 CST 2016]; root of context hierarchy
  [INFO] [2016-03-04 14:00:55][org.springframework.beans.factory.xml.XmlBeanDefinitionReader]Loading XML bean definitions from class path resource [spring-mybatis.xml]
  [WARN] [2016-03-04 14:00:55][org.springframework.context.support.ClassPathXmlApplicationContext]Exception encountered during context initialization - cancelling refresh attempt: org.springframework.beans.factory.BeanCreationException: Error creating bean with name 'org.mybatis.spring.mapper.MapperScannerConfigurer#0' defined in class path resource [spring-mybatis.xml]: Cannot resolve reference to bean 'sqlSession' while setting bean property 'sqlSessionTemplate'; nested exception is org.springframework.beans.factory.NoSuchBeanDefinitionException: No bean named 'sqlSession' is defined
  [INFO] [2016-03-04 14:07:44][org.springframework.context.support.ClassPathXmlApplicationContext]Refreshing org.springframework.context.support.ClassPathXmlApplicationContext@769c9116: startup date [Fri Mar 04 14:07:44 CST 2016]; root of context hierarchy
  [INFO] [2016-03-04 14:07:44][org.springframework.beans.factory.xml.XmlBeanDefinitionReader]Loading XML bean definitions from class path resource [spring-mybatis.xml]
  [WARN] [2016-03-04 14:07:44][org.springframework.context.support.ClassPathXmlApplicationContext]Exception encountered during context initialization - cancelling refresh attempt: org.springframework.beans.factory.BeanCreationException: Error creating bean with name 'org.mybatis.spring.mapper.MapperScannerConfigurer#0' defined in class path resource [spring-mybatis.xml]: Cannot resolve reference to bean 'sqlSession' while setting bean property 'sqlSessionTemplate'; nested exception is org.springframework.beans.factory.NoSuchBeanDefinitionException: No bean named 'sqlSession' is defined
  [INFO] [2016-03-04 14:09:04][org.springframework.context.support.ClassPathXmlApplicationContext]Refreshing org.springframework.context.support.ClassPathXmlApplicationContext@769c9116: startup date [Fri Mar 04 14:09:04 CST 2016]; root of context hierarchy
  [INFO] [2016-03-04 14:09:04][org.springframework.beans.factory.xml.XmlBeanDefinitionReader]Loading XML bean definitions from class path resource [spring-mybatis.xml]
  [WARN] [2016-03-04 14:09:04][org.springframework.context.support.ClassPathXmlApplicationContext]Exception encountered during context initialization - cancelling refresh attempt: org.springframework.beans.factory.BeanCreationException: Error creating bean with name 'org.mybatis.spring.mapper.MapperScannerConfigurer#0' defined in class path resource [spring-mybatis.xml]: Cannot resolve reference to bean 'sqlSession' while setting bean property 'sqlSessionTemplate'; nested exception is org.springframework.beans.factory.NoSuchBeanDefinitionException: No bean named 'sqlSession' is defined
  [INFO] [2016-03-04 14:13:28][org.springframework.context.support.ClassPathXmlApplicationContext]Refreshing org.springframework.context.support.ClassPathXmlApplicationContext@12bc6874: startup date [Fri Mar 04 14:13:28 CST 2016]; root of context hierarchy
  [INFO] [2016-03-04 14:13:28][org.springframework.beans.factory.xml.XmlBeanDefinitionReader]Loading XML bean definitions from class path resource [spring-mybatis.xml]
  [WARN] [2016-03-04 14:13:28][org.springframework.context.support.ClassPathXmlApplicationContext]Exception encountered during context initialization - cancelling refresh attempt: org.springframework.beans.factory.BeanCreationException: Error creating bean with name 'org.mybatis.spring.mapper.MapperScannerConfigurer#0' defined in class path resource [spring-mybatis.xml]: Cannot resolve reference to bean 'sqlSession' while setting bean property 'sqlSessionTemplate'; nested exception is org.springframework.beans.factory.NoSuchBeanDefinitionException: No bean named 'sqlSession' is defined
  [INFO] [2016-03-04 14:20:04][org.springframework.context.support.ClassPathXmlApplicationContext]Refreshing org.springframework.context.support.ClassPathXmlApplicationContext@12bc6874: startup date [Fri Mar 04 14:20:04 CST 2016]; root of context hierarchy
  [INFO] [2016-03-04 14:20:04][org.springframework.beans.factory.xml.XmlBeanDefinitionReader]Loading XML bean definitions from class path resource [spring-mybatis.xml]
  [WARN] [2016-03-04 14:20:04][org.springframework.context.support.ClassPathXmlApplicationContext]Exception encountered during context initialization - cancelling refresh attempt: org.springframework.beans.factory.BeanCreationException: Error creating bean with name 'org.mybatis.spring.mapper.MapperScannerConfigurer#0' defined in class path resource [spring-mybatis.xml]: Cannot resolve reference to bean 'sqlSession' while setting bean property 'sqlSessionTemplate'; nested exception is org.springframework.beans.factory.BeanCreationException: Error creating bean with name 'sqlSession' defined in class path resource [spring-mybatis.xml]: Cannot resolve reference to bean 'sqlSessionFactory' while setting constructor argument; nested exception is org.springframework.beans.factory.BeanCreationException: Error creating bean with name 'sqlSessionFactory' defined in class path resource [spring-mybatis.xml]: Cannot resolve reference to bean 'dataSource' while setting bean property 'dataSource'; nested exception is org.springframework.beans.factory.BeanCreationException: Error creating bean with name 'dataSource' defined in class path resource [spring-mybatis.xml]: Initialization of bean failed; nested exception is org.springframework.beans.TypeMismatchException: Failed to convert property value of type [java.lang.String] to required type [int] for property 'initialSize'; nested exception is java.lang.NumberFormatException: For input string: "${jdbc.initialSize}"
  [INFO] [2016-03-04 14:25:59][org.springframework.context.support.ClassPathXmlApplicationContext]Refreshing org.springframework.context.support.ClassPathXmlApplicationContext@12bc6874: startup date [Fri Mar 04 14:25:59 CST 2016]; root of context hierarchy
  [INFO] [2016-03-04 14:25:59][org.springframework.beans.factory.xml.XmlBeanDefinitionReader]Loading XML bean definitions from class path resource [spring-mybatis.xml]
  [INFO] [2016-03-04 14:25:59][org.springframework.beans.factory.config.PropertyPlaceholderConfigurer]Loading properties file from class path resource [jdbc.properties]
  [INFO] [2016-03-04 14:25:59][org.springframework.beans.factory.annotation.AutowiredAnnotationBeanPostProcessor]JSR-330 'javax.inject.Inject' annotation found and supported for autowiring
  [WARN] [2016-03-04 14:25:59][org.springframework.context.support.ClassPathXmlApplicationContext]Exception encountered during context initialization - cancelling refresh attempt: org.springframework.beans.factory.BeanCreationException: Error creating bean with name 'sqlSessionFactory' defined in class path resource [spring-mybatis.xml]: Invocation of init method failed; nested exception is java.lang.NoClassDefFoundError: com/ibm/crl/uaqm/test/vo/file (wrong name: com/ibm/crl/uaqm/test/vo/File)
  [INFO] [2016-03-04 14:30:43][org.springframework.context.support.ClassPathXmlApplicationContext]Refreshing org.springframework.context.support.ClassPathXmlApplicationContext@12bc6874: startup date [Fri Mar 04 14:30:43 CST 2016]; root of context hierarchy
  [INFO] [2016-03-04 14:30:43][org.springframework.beans.factory.xml.XmlBeanDefinitionReader]Loading XML bean definitions from class path resource [spring-mybatis.xml]
  [INFO] [2016-03-04 14:30:44][org.springframework.beans.factory.config.PropertyPlaceholderConfigurer]Loading properties file from class path resource [jdbc.properties]
  [INFO] [2016-03-04 14:30:44][org.springframework.beans.factory.annotation.AutowiredAnnotationBeanPostProcessor]JSR-330 'javax.inject.Inject' annotation found and supported for autowiring
  [INFO] [2016-03-04 14:31:10][org.springframework.context.support.ClassPathXmlApplicationContext]Refreshing org.springframework.context.support.ClassPathXmlApplicationContext@769c9116: startup date [Fri Mar 04 14:31:10 CST 2016]; root of context hierarchy
  [INFO] [2016-03-04 14:31:10][org.springframework.beans.factory.xml.XmlBeanDefinitionReader]Loading XML bean definitions from class path resource [spring-mybatis.xml]
  [INFO] [2016-03-04 14:31:11][org.springframework.beans.factory.config.PropertyPlaceholderConfigurer]Loading properties file from class path resource [jdbc.properties]
  [INFO] [2016-03-04 14:31:11][org.springframework.beans.factory.annotation.AutowiredAnnotationBeanPostProcessor]JSR-330 'javax.inject.Inject' annotation found and supported for autowiring
  [INFO] [2016-03-04 14:32:13][org.springframework.context.support.ClassPathXmlApplicationContext]Refreshing org.springframework.context.support.ClassPathXmlApplicationContext@769c9116: startup date [Fri Mar 04 14:32:13 CST 2016]; root of context hierarchy
  [INFO] [2016-03-04 14:32:13][org.springframework.beans.factory.xml.XmlBeanDefinitionReader]Loading XML bean definitions from class path resource [spring-mybatis.xml]
  [INFO] [2016-03-04 14:32:14][org.springframework.beans.factory.config.PropertyPlaceholderConfigurer]Loading properties file from class path resource [jdbc.properties]
  [INFO] [2016-03-04 14:32:14][org.springframework.beans.factory.annotation.AutowiredAnnotationBeanPostProcessor]JSR-330 'javax.inject.Inject' annotation found and supported for autowiring
  [INFO] [2016-03-04 14:32:27][org.springframework.context.support.ClassPathXmlApplicationContext]Refreshing org.springframework.context.support.ClassPathXmlApplicationContext@12bc6874: startup date [Fri Mar 04 14:32:27 CST 2016]; root of context hierarchy
  [INFO] [2016-03-04 14:32:27][org.springframework.beans.factory.xml.XmlBeanDefinitionReader]Loading XML bean definitions from class path resource [spring-mybatis.xml]
  [INFO] [2016-03-04 14:32:27][org.springframework.beans.factory.config.PropertyPlaceholderConfigurer]Loading properties file from class path resource [jdbc.properties]
  [INFO] [2016-03-04 14:32:27][org.springframework.beans.factory.annotation.AutowiredAnnotationBeanPostProcessor]JSR-330 'javax.inject.Inject' annotation found and supported for autowiring
  [INFO] [2016-03-04 14:33:00][org.springframework.context.support.ClassPathXmlApplicationContext]Refreshing org.springframework.context.support.ClassPathXmlApplicationContext@12bc6874: startup date [Fri Mar 04 14:33:00 CST 2016]; root of context hierarchy
  [INFO] [2016-03-04 14:33:00][org.springframework.beans.factory.xml.XmlBeanDefinitionReader]Loading XML bean definitions from class path resource [spring-mybatis.xml]
  [INFO] [2016-03-04 14:33:00][org.springframework.beans.factory.config.PropertyPlaceholderConfigurer]Loading properties file from class path resource [jdbc.properties]
  [INFO] [2016-03-04 14:33:00][org.springframework.beans.factory.annotation.AutowiredAnnotationBeanPostProcessor]JSR-330 'javax.inject.Inject' annotation found and supported for autowiring
  [INFO] [2016-03-04 14:34:46][org.springframework.context.support.ClassPathXmlApplicationContext]Refreshing org.springframework.context.support.ClassPathXmlApplicationContext@12bc6874: startup date [Fri Mar 04 14:34:46 CST 2016]; root of context hierarchy
  [INFO] [2016-03-04 14:34:46][org.springframework.beans.factory.xml.XmlBeanDefinitionReader]Loading XML bean definitions from class path resource [spring-mybatis.xml]
  [INFO] [2016-03-04 14:34:46][org.springframework.beans.factory.config.PropertyPlaceholderConfigurer]Loading properties file from class path resource [jdbc.properties]
  [INFO] [2016-03-04 14:34:46][org.springframework.beans.factory.annotation.AutowiredAnnotationBeanPostProcessor]JSR-330 'javax.inject.Inject' annotation found and supported for autowiring
  [INFO] [2016-03-04 14:39:37][org.springframework.context.support.ClassPathXmlApplicationContext]Refreshing org.springframework.context.support.ClassPathXmlApplicationContext@12bc6874: startup date [Fri Mar 04 14:39:37 CST 2016]; root of context hierarchy
  [INFO] [2016-03-04 14:39:37][org.springframework.beans.factory.xml.XmlBeanDefinitionReader]Loading XML bean definitions from class path resource [spring-mybatis.xml]
  [INFO] [2016-03-04 14:39:37][org.springframework.beans.factory.config.PropertyPlaceholderConfigurer]Loading properties file from class path resource [jdbc.properties]
  [INFO] [2016-03-04 14:39:37][org.springframework.beans.factory.annotation.AutowiredAnnotationBeanPostProcessor]JSR-330 'javax.inject.Inject' annotation found and supported for autowiring
  [INFO] [2016-03-04 14:49:09][org.springframework.context.support.ClassPathXmlApplicationContext]Refreshing org.springframework.context.support.ClassPathXmlApplicationContext@12bc6874: startup date [Fri Mar 04 14:49:09 CST 2016]; root of context hierarchy
  [INFO] [2016-03-04 14:49:09][org.springframework.beans.factory.xml.XmlBeanDefinitionReader]Loading XML bean definitions from class path resource [spring-mybatis.xml]
  [WARN] [2016-03-04 14:49:10][org.springframework.context.support.ClassPathXmlApplicationContext]Exception encountered during context initialization - cancelling refresh attempt: org.springframework.beans.factory.BeanCreationException: Error creating bean with name 'mapperScannerConfigurer' defined in class path resource [spring-mybatis.xml]: Cannot resolve reference to bean 'sqlSession' while setting bean property 'sqlSessionTemplate'; nested exception is org.springframework.beans.factory.BeanCreationException: Error creating bean with name 'sqlSession' defined in class path resource [spring-mybatis.xml]: Cannot resolve reference to bean 'sqlSessionFactory' while setting constructor argument; nested exception is org.springframework.beans.factory.BeanCreationException: Error creating bean with name 'sqlSessionFactory' defined in class path resource [spring-mybatis.xml]: Cannot resolve reference to bean 'dataSource' while setting bean property 'dataSource'; nested exception is org.springframework.beans.factory.BeanCreationException: Error creating bean with name 'dataSource' defined in class path resource [spring-mybatis.xml]: Initialization of bean failed; nested exception is org.springframework.beans.TypeMismatchException: Failed to convert property value of type [java.lang.String] to required type [int] for property 'initialSize'; nested exception is java.lang.NumberFormatException: For input string: "${jdbc.initialSize}"
  [INFO] [2016-03-04 14:51:37][org.springframework.context.support.ClassPathXmlApplicationContext]Refreshing org.springframework.context.support.ClassPathXmlApplicationContext@12bc6874: startup date [Fri Mar 04 14:51:37 CST 2016]; root of context hierarchy
  [INFO] [2016-03-04 14:51:37][org.springframework.beans.factory.xml.XmlBeanDefinitionReader]Loading XML bean definitions from class path resource [spring-mybatis.xml]
  [WARN] [2016-03-04 14:51:38][org.springframework.context.support.ClassPathXmlApplicationContext]Exception encountered during context initialization - cancelling refresh attempt: org.springframework.beans.factory.BeanCreationException: Error creating bean with name 'mapperScannerConfigurer' defined in class path resource [spring-mybatis.xml]: Cannot resolve reference to bean 'sqlSession' while setting bean property 'sqlSessionTemplate'; nested exception is org.springframework.beans.factory.BeanCreationException: Error creating bean with name 'sqlSession' defined in class path resource [spring-mybatis.xml]: Cannot resolve reference to bean 'sqlSessionFactory' while setting constructor argument; nested exception is org.springframework.beans.factory.BeanCreationException: Error creating bean with name 'sqlSessionFactory' defined in class path resource [spring-mybatis.xml]: Cannot resolve reference to bean 'dataSource' while setting bean property 'dataSource'; nested exception is org.springframework.beans.factory.BeanCreationException: Error creating bean with name 'dataSource' defined in class path resource [spring-mybatis.xml]: Initialization of bean failed; nested exception is org.springframework.beans.TypeMismatchException: Failed to convert property value of type [java.lang.String] to required type [int] for property 'initialSize'; nested exception is java.lang.NumberFormatException: For input string: "${initialSize}"
  [INFO] [2016-03-04 14:52:19][org.springframework.context.support.ClassPathXmlApplicationContext]Refreshing org.springframework.context.support.ClassPathXmlApplicationContext@12bc6874: startup date [Fri Mar 04 14:52:19 CST 2016]; root of context hierarchy
  [INFO] [2016-03-04 14:52:19][org.springframework.beans.factory.xml.XmlBeanDefinitionReader]Loading XML bean definitions from class path resource [spring-mybatis.xml]
  [WARN] [2016-03-04 14:52:20][org.springframework.context.support.ClassPathXmlApplicationContext]Exception encountered during context initialization - cancelling refresh attempt: org.springframework.beans.factory.BeanCreationException: Error creating bean with name 'mapperScannerConfigurer' defined in class path resource [spring-mybatis.xml]: Cannot resolve reference to bean 'sqlSession' while setting bean property 'sqlSessionTemplate'; nested exception is org.springframework.beans.factory.BeanCreationException: Error creating bean with name 'sqlSession' defined in class path resource [spring-mybatis.xml]: Cannot resolve reference to bean 'sqlSessionFactory' while setting constructor argument; nested exception is org.springframework.beans.factory.BeanCreationException: Error creating bean with name 'sqlSessionFactory' defined in class path resource [spring-mybatis.xml]: Cannot resolve reference to bean 'dataSource' while setting bean property 'dataSource'; nested exception is org.springframework.beans.factory.BeanCreationException: Error creating bean with name 'dataSource' defined in class path resource [spring-mybatis.xml]: Initialization of bean failed; nested exception is org.springframework.beans.TypeMismatchException: Failed to convert property value of type [java.lang.String] to required type [int] for property 'initialSize'; nested exception is java.lang.NumberFormatException: For input string: "${initialSize}"
  [INFO] [2016-03-04 14:53:34][org.springframework.context.support.ClassPathXmlApplicationContext]Refreshing org.springframework.context.support.ClassPathXmlApplicationContext@12bc6874: startup date [Fri Mar 04 14:53:34 CST 2016]; root of context hierarchy
  [INFO] [2016-03-04 14:53:34][org.springframework.beans.factory.xml.XmlBeanDefinitionReader]Loading XML bean definitions from class path resource [spring-mybatis.xml]
  [WARN] [2016-03-04 14:53:35][org.springframework.context.support.ClassPathXmlApplicationContext]Exception encountered during context initialization - cancelling refresh attempt: org.springframework.beans.factory.BeanCreationException: Error creating bean with name 'mapperScannerConfigurer' defined in class path resource [spring-mybatis.xml]: Cannot resolve reference to bean 'sqlSessionFactory' while setting bean property 'sqlSessionTemplate'; nested exception is org.springframework.beans.factory.BeanCreationException: Error creating bean with name 'sqlSessionFactory' defined in class path resource [spring-mybatis.xml]: Cannot resolve reference to bean 'dataSource' while setting bean property 'dataSource'; nested exception is org.springframework.beans.factory.BeanCreationException: Error creating bean with name 'dataSource' defined in class path resource [spring-mybatis.xml]: Initialization of bean failed; nested exception is org.springframework.beans.TypeMismatchException: Failed to convert property value of type [java.lang.String] to required type [int] for property 'initialSize'; nested exception is java.lang.NumberFormatException: For input string: "${jdbc.initialSize}"
  [INFO] [2016-03-04 14:54:12][org.springframework.context.support.ClassPathXmlApplicationContext]Refreshing org.springframework.context.support.ClassPathXmlApplicationContext@12bc6874: startup date [Fri Mar 04 14:54:12 CST 2016]; root of context hierarchy
  [INFO] [2016-03-04 14:54:12][org.springframework.beans.factory.xml.XmlBeanDefinitionReader]Loading XML bean definitions from class path resource [spring-mybatis.xml]
  [WARN] [2016-03-04 14:54:12][org.springframework.context.support.ClassPathXmlApplicationContext]Exception encountered during context initialization - cancelling refresh attempt: org.springframework.beans.factory.BeanCreationException: Error creating bean with name 'mapperScannerConfigurer' defined in class path resource [spring-mybatis.xml]: Initialization of bean failed; nested exception is org.springframework.beans.ConversionNotSupportedException: Failed to convert property value of type [java.lang.String] to required type [org.mybatis.spring.SqlSessionTemplate] for property 'sqlSessionTemplate'; nested exception is java.lang.IllegalStateException: Cannot convert value of type [java.lang.String] to required type [org.mybatis.spring.SqlSessionTemplate] for property 'sqlSessionTemplate': no matching editors or conversion strategy found
  [INFO] [2016-03-04 14:54:45][org.springframework.context.support.ClassPathXmlApplicationContext]Refreshing org.springframework.context.support.ClassPathXmlApplicationContext@12bc6874: startup date [Fri Mar 04 14:54:45 CST 2016]; root of context hierarchy
  [INFO] [2016-03-04 14:54:45][org.springframework.beans.factory.xml.XmlBeanDefinitionReader]Loading XML bean definitions from class path resource [spring-mybatis.xml]
  [INFO] [2016-03-04 14:54:46][org.springframework.beans.factory.config.PropertyPlaceholderConfigurer]Loading properties file from class path resource [jdbc.properties]
  [INFO] [2016-03-04 14:54:46][org.springframework.beans.factory.annotation.AutowiredAnnotationBeanPostProcessor]JSR-330 'javax.inject.Inject' annotation found and supported for autowiring
  [INFO] [2016-03-04 15:05:36][org.springframework.context.support.ClassPathXmlApplicationContext]Refreshing org.springframework.context.support.ClassPathXmlApplicationContext@12bc6874: startup date [Fri Mar 04 15:05:36 CST 2016]; root of context hierarchy
  [INFO] [2016-03-04 15:05:36][org.springframework.beans.factory.xml.XmlBeanDefinitionReader]Loading XML bean definitions from class path resource [spring-mybatis.xml]
  [WARN] [2016-03-04 15:05:36][org.springframework.context.support.ClassPathXmlApplicationContext]Exception encountered during context initialization - cancelling refresh attempt: org.springframework.beans.factory.BeanCreationException: Error creating bean with name 'mapperScannerConfigurer' defined in class path resource [spring-mybatis.xml]: Cannot resolve reference to bean 'sqlSession' while setting bean property 'sqlSessionTemplate'; nested exception is org.springframework.beans.factory.BeanCreationException: Error creating bean with name 'sqlSession' defined in class path resource [spring-mybatis.xml]: Cannot resolve reference to bean 'sqlSessionFactory' while setting constructor argument; nested exception is org.springframework.beans.factory.BeanCreationException: Error creating bean with name 'sqlSessionFactory' defined in class path resource [spring-mybatis.xml]: Cannot resolve reference to bean 'dataSource' while setting bean property 'dataSource'; nested exception is org.springframework.beans.factory.BeanCreationException: Error creating bean with name 'dataSource' defined in class path resource [spring-mybatis.xml]: Initialization of bean failed; nested exception is org.springframework.beans.TypeMismatchException: Failed to convert property value of type [java.lang.String] to required type [int] for property 'initialSize'; nested exception is java.lang.NumberFormatException: For input string: "${jdbc.initialSize}"
  [INFO] [2016-03-04 15:08:12][org.springframework.context.support.ClassPathXmlApplicationContext]Refreshing org.springframework.context.support.ClassPathXmlApplicationContext@12bc6874: startup date [Fri Mar 04 15:08:12 CST 2016]; root of context hierarchy
  [INFO] [2016-03-04 15:08:12][org.springframework.beans.factory.xml.XmlBeanDefinitionReader]Loading XML bean definitions from class path resource [spring-mybatis.xml]
  [INFO] [2016-03-04 15:08:13][org.springframework.beans.factory.config.PropertyPlaceholderConfigurer]Loading properties file from class path resource [jdbc.properties]
  [INFO] [2016-03-04 15:08:13][org.springframework.beans.factory.annotation.AutowiredAnnotationBeanPostProcessor]JSR-330 'javax.inject.Inject' annotation found and supported for autowiring
  [INFO] [2016-03-04 15:09:17][org.springframework.context.support.ClassPathXmlApplicationContext]Refreshing org.springframework.context.support.ClassPathXmlApplicationContext@769c9116: startup date [Fri Mar 04 15:09:17 CST 2016]; root of context hierarchy
  [INFO] [2016-03-04 15:09:17][org.springframework.beans.factory.xml.XmlBeanDefinitionReader]Loading XML bean definitions from class path resource [spring-mybatis.xml]
  [INFO] [2016-03-04 15:09:17][org.springframework.beans.factory.config.PropertyPlaceholderConfigurer]Loading properties file from class path resource [jdbc.properties]
  [INFO] [2016-03-04 15:09:17][org.springframework.beans.factory.annotation.AutowiredAnnotationBeanPostProcessor]JSR-330 'javax.inject.Inject' annotation found and supported for autowiring
  [INFO] [2016-03-04 15:10:57][org.springframework.context.support.ClassPathXmlApplicationContext]Refreshing org.springframework.context.support.ClassPathXmlApplicationContext@43a0cee9: startup date [Fri Mar 04 15:10:57 CST 2016]; root of context hierarchy
  [INFO] [2016-03-04 15:10:57][org.springframework.beans.factory.xml.XmlBeanDefinitionReader]Loading XML bean definitions from class path resource [spring-mybatis.xml]
  [INFO] [2016-03-04 15:10:57][org.springframework.beans.factory.config.PropertyPlaceholderConfigurer]Loading properties file from class path resource [jdbc.properties]
  [INFO] [2016-03-04 15:10:57][org.springframework.beans.factory.annotation.AutowiredAnnotationBeanPostProcessor]JSR-330 'javax.inject.Inject' annotation found and supported for autowiring
  [INFO] [2016-03-04 15:11:50][org.springframework.context.support.ClassPathXmlApplicationContext]Refreshing org.springframework.context.support.ClassPathXmlApplicationContext@43a0cee9: startup date [Fri Mar 04 15:11:50 CST 2016]; root of context hierarchy
  [INFO] [2016-03-04 15:11:50][org.springframework.beans.factory.xml.XmlBeanDefinitionReader]Loading XML bean definitions from class path resource [spring-mybatis.xml]
  [INFO] [2016-03-04 15:11:50][org.springframework.beans.factory.config.PropertyPlaceholderConfigurer]Loading properties file from class path resource [jdbc.properties]
  [INFO] [2016-03-04 15:11:50][org.springframework.beans.factory.annotation.AutowiredAnnotationBeanPostProcessor]JSR-330 'javax.inject.Inject' annotation found and supported for autowiring
  [INFO] [2016-03-04 15:14:36][org.springframework.context.support.ClassPathXmlApplicationContext]Refreshing org.springframework.context.support.ClassPathXmlApplicationContext@769c9116: startup date [Fri Mar 04 15:14:36 CST 2016]; root of context hierarchy
  [INFO] [2016-03-04 15:14:36][org.springframework.beans.factory.xml.XmlBeanDefinitionReader]Loading XML bean definitions from class path resource [spring-mybatis.xml]
  [INFO] [2016-03-04 15:15:57][org.springframework.context.support.ClassPathXmlApplicationContext]Refreshing org.springframework.context.support.ClassPathXmlApplicationContext@769c9116: startup date [Fri Mar 04 15:15:57 CST 2016]; root of context hierarchy
  [INFO] [2016-03-04 15:15:57][org.springframework.beans.factory.xml.XmlBeanDefinitionReader]Loading XML bean definitions from class path resource [spring-mybatis.xml]
  [INFO] [2016-03-04 15:16:48][org.springframework.context.support.ClassPathXmlApplicationContext]Refreshing org.springframework.context.support.ClassPathXmlApplicationContext@769c9116: startup date [Fri Mar 04 15:16:48 CST 2016]; root of context hierarchy
  [INFO] [2016-03-04 15:16:48][org.springframework.beans.factory.xml.XmlBeanDefinitionReader]Loading XML bean definitions from class path resource [spring-mybatis.xml]
  [INFO] [2016-03-04 15:17:19][org.springframework.context.support.ClassPathXmlApplicationContext]Refreshing org.springframework.context.support.ClassPathXmlApplicationContext@769c9116: startup date [Fri Mar 04 15:17:19 CST 2016]; root of context hierarchy
  [INFO] [2016-03-04 15:17:19][org.springframework.beans.factory.xml.XmlBeanDefinitionReader]Loading XML bean definitions from class path resource [spring-mybatis.xml]
  [INFO] [2016-03-04 15:17:20][org.springframework.beans.factory.config.PropertyPlaceholderConfigurer]Loading properties file from class path resource [jdbc.properties]
  [INFO] [2016-03-04 15:17:20][org.springframework.beans.factory.annotation.AutowiredAnnotationBeanPostProcessor]JSR-330 'javax.inject.Inject' annotation found and supported for autowiring
  [INFO] [2016-03-04 15:17:20][org.springframework.beans.factory.xml.XmlBeanDefinitionReader]Loading XML bean definitions from class path resource [org/springframework/jdbc/support/sql-error-codes.xml]
  [INFO] [2016-03-04 15:17:20][org.springframework.jdbc.support.SQLErrorCodesFactory]SQLErrorCodes loaded: [DB2, Derby, H2, HSQL, Informix, MS-SQL, MySQL, Oracle, PostgreSQL, Sybase, Hana]
  [INFO] [2016-03-04 15:18:06][org.springframework.context.support.ClassPathXmlApplicationContext]Refreshing org.springframework.context.support.ClassPathXmlApplicationContext@769c9116: startup date [Fri Mar 04 15:18:06 CST 2016]; root of context hierarchy
  [INFO] [2016-03-04 15:18:06][org.springframework.beans.factory.xml.XmlBeanDefinitionReader]Loading XML bean definitions from class path resource [spring-mybatis.xml]
  [INFO] [2016-03-04 15:18:07][org.springframework.beans.factory.config.PropertyPlaceholderConfigurer]Loading properties file from class path resource [jdbc.properties]
  [INFO] [2016-03-04 15:18:07][org.springframework.beans.factory.annotation.AutowiredAnnotationBeanPostProcessor]JSR-330 'javax.inject.Inject' annotation found and supported for autowiring
  [INFO] [2016-03-04 15:19:05][org.springframework.context.support.ClassPathXmlApplicationContext]Refreshing org.springframework.context.support.ClassPathXmlApplicationContext@769c9116: startup date [Fri Mar 04 15:19:05 CST 2016]; root of context hierarchy
  [INFO] [2016-03-04 15:19:05][org.springframework.beans.factory.xml.XmlBeanDefinitionReader]Loading XML bean definitions from class path resource [spring-mybatis.xml]
  [INFO] [2016-03-04 15:19:06][org.springframework.beans.factory.config.PropertyPlaceholderConfigurer]Loading properties file from class path resource [jdbc.properties]
  [INFO] [2016-03-04 15:19:06][org.springframework.beans.factory.annotation.AutowiredAnnotationBeanPostProcessor]JSR-330 'javax.inject.Inject' annotation found and supported for autowiring
  [INFO] [2016-03-04 15:20:03][org.springframework.context.support.ClassPathXmlApplicationContext]Refreshing org.springframework.context.support.ClassPathXmlApplicationContext@769c9116: startup date [Fri Mar 04 15:20:03 CST 2016]; root of context hierarchy
  [INFO] [2016-03-04 15:20:03][org.springframework.beans.factory.xml.XmlBeanDefinitionReader]Loading XML bean definitions from class path resource [spring-mybatis.xml]
  [INFO] [2016-03-04 15:20:03][org.springframework.beans.factory.config.PropertyPlaceholderConfigurer]Loading properties file from class path resource [jdbc.properties]
  [INFO] [2016-03-04 15:20:03][org.springframework.beans.factory.annotation.AutowiredAnnotationBeanPostProcessor]JSR-330 'javax.inject.Inject' annotation found and supported for autowiring
  [INFO] [2016-03-04 15:20:28][org.springframework.context.support.ClassPathXmlApplicationContext]Refreshing org.springframework.context.support.ClassPathXmlApplicationContext@769c9116: startup date [Fri Mar 04 15:20:28 CST 2016]; root of context hierarchy
  [INFO] [2016-03-04 15:20:28][org.springframework.beans.factory.xml.XmlBeanDefinitionReader]Loading XML bean definitions from class path resource [spring-mybatis.xml]
  [INFO] [2016-03-04 15:20:29][org.springframework.beans.factory.config.PropertyPlaceholderConfigurer]Loading properties file from class path resource [jdbc.properties]
  [INFO] [2016-03-04 15:20:29][org.springframework.beans.factory.annotation.AutowiredAnnotationBeanPostProcessor]JSR-330 'javax.inject.Inject' annotation found and supported for autowiring
  [INFO] [2016-03-04 15:20:29][org.springframework.beans.factory.xml.XmlBeanDefinitionReader]Loading XML bean definitions from class path resource [org/springframework/jdbc/support/sql-error-codes.xml]
  [INFO] [2016-03-04 15:20:29][org.springframework.jdbc.support.SQLErrorCodesFactory]SQLErrorCodes loaded: [DB2, Derby, H2, HSQL, Informix, MS-SQL, MySQL, Oracle, PostgreSQL, Sybase, Hana]
  [INFO] [2016-03-04 15:20:45][org.springframework.context.support.ClassPathXmlApplicationContext]Refreshing org.springframework.context.support.ClassPathXmlApplicationContext@769c9116: startup date [Fri Mar 04 15:20:45 CST 2016]; root of context hierarchy
  [INFO] [2016-03-04 15:20:45][org.springframework.beans.factory.xml.XmlBeanDefinitionReader]Loading XML bean definitions from class path resource [spring-mybatis.xml]
  [INFO] [2016-03-04 15:20:45][org.springframework.beans.factory.config.PropertyPlaceholderConfigurer]Loading properties file from class path resource [jdbc.properties]
  [INFO] [2016-03-04 15:20:45][org.springframework.beans.factory.annotation.AutowiredAnnotationBeanPostProcessor]JSR-330 'javax.inject.Inject' annotation found and supported for autowiring
  [INFO] [2016-03-04 15:20:46][org.springframework.beans.factory.xml.XmlBeanDefinitionReader]Loading XML bean definitions from class path resource [org/springframework/jdbc/support/sql-error-codes.xml]
  [INFO] [2016-03-04 15:20:46][org.springframework.jdbc.support.SQLErrorCodesFactory]SQLErrorCodes loaded: [DB2, Derby, H2, HSQL, Informix, MS-SQL, MySQL, Oracle, PostgreSQL, Sybase, Hana]
  [INFO] [2016-03-04 15:23:16][org.springframework.context.support.ClassPathXmlApplicationContext]Refreshing org.springframework.context.support.ClassPathXmlApplicationContext@769c9116: startup date [Fri Mar 04 15:23:16 CST 2016]; root of context hierarchy
  [INFO] [2016-03-04 15:23:16][org.springframework.beans.factory.xml.XmlBeanDefinitionReader]Loading XML bean definitions from class path resource [spring-mybatis.xml]
  [INFO] [2016-03-04 15:23:16][org.springframework.beans.factory.config.PropertyPlaceholderConfigurer]Loading properties file from class path resource [jdbc.properties]
  [INFO] [2016-03-04 15:23:16][org.springframework.beans.factory.annotation.AutowiredAnnotationBeanPostProcessor]JSR-330 'javax.inject.Inject' annotation found and supported for autowiring
  [INFO] [2016-03-04 15:24:06][org.springframework.context.support.ClassPathXmlApplicationContext]Refreshing org.springframework.context.support.ClassPathXmlApplicationContext@769c9116: startup date [Fri Mar 04 15:24:06 CST 2016]; root of context hierarchy
  [INFO] [2016-03-04 15:24:06][org.springframework.beans.factory.xml.XmlBeanDefinitionReader]Loading XML bean definitions from class path resource [spring-mybatis.xml]
  [INFO] [2016-03-04 15:24:07][org.springframework.beans.factory.config.PropertyPlaceholderConfigurer]Loading properties file from class path resource [jdbc.properties]
  [INFO] [2016-03-04 15:24:07][org.springframework.beans.factory.annotation.AutowiredAnnotationBeanPostProcessor]JSR-330 'javax.inject.Inject' annotation found and supported for autowiring
  [INFO] [2016-03-04 15:24:45][org.springframework.context.support.ClassPathXmlApplicationContext]Refreshing org.springframework.context.support.ClassPathXmlApplicationContext@769c9116: startup date [Fri Mar 04 15:24:45 CST 2016]; root of context hierarchy
  [INFO] [2016-03-04 15:24:45][org.springframework.beans.factory.xml.XmlBeanDefinitionReader]Loading XML bean definitions from class path resource [spring-mybatis.xml]
  [INFO] [2016-03-04 15:24:46][org.springframework.beans.factory.config.PropertyPlaceholderConfigurer]Loading properties file from class path resource [jdbc.properties]
  [INFO] [2016-03-04 15:24:46][org.springframework.beans.factory.annotation.AutowiredAnnotationBeanPostProcessor]JSR-330 'javax.inject.Inject' annotation found and supported for autowiring
  [INFO] [2016-03-04 15:25:10][org.springframework.context.support.ClassPathXmlApplicationContext]Refreshing org.springframework.context.support.ClassPathXmlApplicationContext@769c9116: startup date [Fri Mar 04 15:25:10 CST 2016]; root of context hierarchy
  [INFO] [2016-03-04 15:25:10][org.springframework.beans.factory.xml.XmlBeanDefinitionReader]Loading XML bean definitions from class path resource [spring-mybatis.xml]
  [INFO] [2016-03-04 15:25:11][org.springframework.beans.factory.config.PropertyPlaceholderConfigurer]Loading properties file from class path resource [jdbc.properties]
  [INFO] [2016-03-04 15:25:11][org.springframework.beans.factory.annotation.AutowiredAnnotationBeanPostProcessor]JSR-330 'javax.inject.Inject' annotation found and supported for autowiring
  [INFO] [2016-03-04 15:25:49][org.springframework.context.support.ClassPathXmlApplicationContext]Refreshing org.springframework.context.support.ClassPathXmlApplicationContext@769c9116: startup date [Fri Mar 04 15:25:49 CST 2016]; root of context hierarchy
  [INFO] [2016-03-04 15:25:49][org.springframework.beans.factory.xml.XmlBeanDefinitionReader]Loading XML bean definitions from class path resource [spring-mybatis.xml]
  [INFO] [2016-03-04 15:25:49][org.springframework.beans.factory.config.PropertyPlaceholderConfigurer]Loading properties file from class path resource [jdbc.properties]
  [INFO] [2016-03-04 15:25:49][org.springframework.beans.factory.annotation.AutowiredAnnotationBeanPostProcessor]JSR-330 'javax.inject.Inject' annotation found and supported for autowiring
  [INFO] [2016-03-04 15:26:16][org.springframework.context.support.ClassPathXmlApplicationContext]Refreshing org.springframework.context.support.ClassPathXmlApplicationContext@769c9116: startup date [Fri Mar 04 15:26:16 CST 2016]; root of context hierarchy
  [INFO] [2016-03-04 15:26:16][org.springframework.beans.factory.xml.XmlBeanDefinitionReader]Loading XML bean definitions from class path resource [spring-mybatis.xml]
  [INFO] [2016-03-04 15:26:53][org.springframework.context.support.ClassPathXmlApplicationContext]Refreshing org.springframework.context.support.ClassPathXmlApplicationContext@769c9116: startup date [Fri Mar 04 15:26:53 CST 2016]; root of context hierarchy
  [INFO] [2016-03-04 15:26:53][org.springframework.beans.factory.xml.XmlBeanDefinitionReader]Loading XML bean definitions from class path resource [spring-mybatis.xml]
  [INFO] [2016-03-04 15:27:20][org.springframework.context.support.ClassPathXmlApplicationContext]Refreshing org.springframework.context.support.ClassPathXmlApplicationContext@769c9116: startup date [Fri Mar 04 15:27:20 CST 2016]; root of context hierarchy
  [INFO] [2016-03-04 15:27:20][org.springframework.beans.factory.xml.XmlBeanDefinitionReader]Loading XML bean definitions from class path resource [spring-mybatis.xml]
  [INFO] [2016-03-04 15:27:20][org.springframework.beans.factory.config.PropertyPlaceholderConfigurer]Loading properties file from class path resource [jdbc.properties]
  [INFO] [2016-03-04 15:27:20][org.springframework.beans.factory.annotation.AutowiredAnnotationBeanPostProcessor]JSR-330 'javax.inject.Inject' annotation found and supported for autowiring
  [INFO] [2016-03-04 15:29:03][org.springframework.context.support.ClassPathXmlApplicationContext]Refreshing org.springframework.context.support.ClassPathXmlApplicationContext@769c9116: startup date [Fri Mar 04 15:29:03 CST 2016]; root of context hierarchy
  [INFO] [2016-03-04 15:29:03][org.springframework.beans.factory.xml.XmlBeanDefinitionReader]Loading XML bean definitions from class path resource [spring-mybatis.xml]
  [INFO] [2016-03-04 15:29:03][org.springframework.beans.factory.config.PropertyPlaceholderConfigurer]Loading properties file from class path resource [jdbc.properties]
  [INFO] [2016-03-04 15:29:03][org.springframework.beans.factory.annotation.AutowiredAnnotationBeanPostProcessor]JSR-330 'javax.inject.Inject' annotation found and supported for autowiring
  [INFO] [2016-03-04 15:29:50][org.springframework.context.support.ClassPathXmlApplicationContext]Refreshing org.springframework.context.support.ClassPathXmlApplicationContext@769c9116: startup date [Fri Mar 04 15:29:50 CST 2016]; root of context hierarchy
  [INFO] [2016-03-04 15:29:51][org.springframework.beans.factory.xml.XmlBeanDefinitionReader]Loading XML bean definitions from class path resource [spring-mybatis.xml]
  [INFO] [2016-03-04 15:29:51][org.springframework.beans.factory.config.PropertyPlaceholderConfigurer]Loading properties file from class path resource [jdbc.properties]
  [INFO] [2016-03-04 15:29:51][org.springframework.beans.factory.annotation.AutowiredAnnotationBeanPostProcessor]JSR-330 'javax.inject.Inject' annotation found and supported for autowiring
  [INFO] [2016-03-04 15:29:59][org.springframework.context.support.ClassPathXmlApplicationContext]Refreshing org.springframework.context.support.ClassPathXmlApplicationContext@43a0cee9: startup date [Fri Mar 04 15:29:59 CST 2016]; root of context hierarchy
  [INFO] [2016-03-04 15:29:59][org.springframework.beans.factory.xml.XmlBeanDefinitionReader]Loading XML bean definitions from class path resource [spring-mybatis.xml]
  [INFO] [2016-03-04 15:29:59][org.springframework.beans.factory.config.PropertyPlaceholderConfigurer]Loading properties file from class path resource [jdbc.properties]
  [INFO] [2016-03-04 15:29:59][org.springframework.beans.factory.annotation.AutowiredAnnotationBeanPostProcessor]JSR-330 'javax.inject.Inject' annotation found and supported for autowiring
  [INFO] [2016-03-04 15:30:36][org.springframework.context.support.ClassPathXmlApplicationContext]Refreshing org.springframework.context.support.ClassPathXmlApplicationContext@43a0cee9: startup date [Fri Mar 04 15:30:36 CST 2016]; root of context hierarchy
  [INFO] [2016-03-04 15:30:36][org.springframework.beans.factory.xml.XmlBeanDefinitionReader]Loading XML bean definitions from class path resource [spring-mybatis.xml]
  [INFO] [2016-03-04 15:30:36][org.springframework.beans.factory.config.PropertyPlaceholderConfigurer]Loading properties file from class path resource [jdbc.properties]
  [INFO] [2016-03-04 15:30:36][org.springframework.beans.factory.annotation.AutowiredAnnotationBeanPostProcessor]JSR-330 'javax.inject.Inject' annotation found and supported for autowiring
  [INFO] [2016-03-04 15:31:42][org.springframework.context.support.ClassPathXmlApplicationContext]Refreshing org.springframework.context.support.ClassPathXmlApplicationContext@769c9116: startup date [Fri Mar 04 15:31:42 CST 2016]; root of context hierarchy
  [INFO] [2016-03-04 15:31:42][org.springframework.beans.factory.xml.XmlBeanDefinitionReader]Loading XML bean definitions from class path resource [spring-mybatis.xml]
  [INFO] [2016-03-04 15:31:42][org.springframework.beans.factory.config.PropertyPlaceholderConfigurer]Loading properties file from class path resource [jdbc.properties]
  [INFO] [2016-03-04 15:31:42][org.springframework.beans.factory.annotation.AutowiredAnnotationBeanPostProcessor]JSR-330 'javax.inject.Inject' annotation found and supported for autowiring
  [INFO] [2016-03-04 15:44:09][org.springframework.context.support.ClassPathXmlApplicationContext]Refreshing org.springframework.context.support.ClassPathXmlApplicationContext@769c9116: startup date [Fri Mar 04 15:44:09 CST 2016]; root of context hierarchy
  [INFO] [2016-03-04 15:44:09][org.springframework.beans.factory.xml.XmlBeanDefinitionReader]Loading XML bean definitions from class path resource [spring-mybatis.xml]
  [INFO] [2016-03-04 15:44:10][org.springframework.beans.factory.config.PropertyPlaceholderConfigurer]Loading properties file from class path resource [jdbc.properties]
  [INFO] [2016-03-04 15:44:10][org.springframework.beans.factory.annotation.AutowiredAnnotationBeanPostProcessor]JSR-330 'javax.inject.Inject' annotation found and supported for autowiring
  [INFO] [2016-03-04 15:45:23][org.springframework.context.support.ClassPathXmlApplicationContext]Refreshing org.springframework.context.support.ClassPathXmlApplicationContext@769c9116: startup date [Fri Mar 04 15:45:23 CST 2016]; root of context hierarchy
  [INFO] [2016-03-04 15:45:23][org.springframework.beans.factory.xml.XmlBeanDefinitionReader]Loading XML bean definitions from class path resource [spring-mybatis.xml]
  [INFO] [2016-03-04 15:45:24][org.springframework.beans.factory.config.PropertyPlaceholderConfigurer]Loading properties file from class path resource [jdbc.properties]
  [INFO] [2016-03-04 15:45:24][org.springframework.beans.factory.annotation.AutowiredAnnotationBeanPostProcessor]JSR-330 'javax.inject.Inject' annotation found and supported for autowiring
  [INFO] [2016-03-07 13:47:07][org.springframework.context.support.ClassPathXmlApplicationContext]Refreshing org.springframework.context.support.ClassPathXmlApplicationContext@769c9116: startup date [Mon Mar 07 13:47:07 CST 2016]; root of context hierarchy
  [INFO] [2016-03-07 13:47:07][org.springframework.beans.factory.xml.XmlBeanDefinitionReader]Loading XML bean definitions from class path resource [spring-mybatis.xml]
  [INFO] [2016-03-07 13:47:07][org.springframework.beans.factory.config.PropertyPlaceholderConfigurer]Loading properties file from class path resource [jdbc.properties]
  [INFO] [2016-03-07 13:47:07][org.springframework.beans.factory.annotation.AutowiredAnnotationBeanPostProcessor]JSR-330 'javax.inject.Inject' annotation found and supported for autowiring
  [INFO] [2016-03-07 14:43:08][org.springframework.context.support.ClassPathXmlApplicationContext]Refreshing org.springframework.context.support.ClassPathXmlApplicationContext@de0a01f: startup date [Mon Mar 07 14:43:08 CST 2016]; root of context hierarchy
  [INFO] [2016-03-07 14:43:08][org.springframework.beans.factory.xml.XmlBeanDefinitionReader]Loading XML bean definitions from class path resource [spring-mybatis.xml]
  [INFO] [2016-03-07 14:43:09][org.springframework.beans.factory.config.PropertyPlaceholderConfigurer]Loading properties file from class path resource [jdbc.properties]
  [INFO] [2016-03-07 14:43:09][org.springframework.beans.factory.annotation.AutowiredAnnotationBeanPostProcessor]JSR-330 'javax.inject.Inject' annotation found and supported for autowiring
  [INFO] [2016-03-07 14:49:45][org.springframework.context.support.ClassPathXmlApplicationContext]Refreshing org.springframework.context.support.ClassPathXmlApplicationContext@de0a01f: startup date [Mon Mar 07 14:49:45 CST 2016]; root of context hierarchy
  [INFO] [2016-03-07 14:49:45][org.springframework.beans.factory.xml.XmlBeanDefinitionReader]Loading XML bean definitions from class path resource [spring-mybatis.xml]
  [INFO] [2016-03-07 14:49:46][org.springframework.beans.factory.config.PropertyPlaceholderConfigurer]Loading properties file from class path resource [jdbc.properties]
  [INFO] [2016-03-07 14:49:46][org.springframework.beans.factory.annotation.AutowiredAnnotationBeanPostProcessor]JSR-330 'javax.inject.Inject' annotation found and supported for autowiring
  [INFO] [2016-03-18 20:15:35][org.springframework.context.support.ClassPathXmlApplicationContext]Refreshing org.springframework.context.support.ClassPathXmlApplicationContext@2471cca7: startup date [Fri Mar 18 20:15:35 CST 2016]; root of context hierarchy
  [INFO] [2016-03-18 20:15:35][org.springframework.beans.factory.xml.XmlBeanDefinitionReader]Loading XML bean definitions from class path resource [spring-mybatis.xml]
  [INFO] [2016-03-18 20:15:35][org.springframework.beans.factory.config.PropertyPlaceholderConfigurer]Loading properties file from class path resource [jdbc.properties]
  [INFO] [2016-03-18 20:15:35][org.springframework.beans.factory.annotation.AutowiredAnnotationBeanPostProcessor]JSR-330 'javax.inject.Inject' annotation found and supported for autowiring
  